<?xml version="1.0" encoding="UTF-8"?>
<testsuite name="Cucumber" time="35.916" tests="1" skipped="0" failures="1" errors="0">
<testcase classname="user orders Hoodies" name="user place order for hoodies" time="35.717">
<failure type="org.openqa.selenium.ElementNotInteractableException" message="element not interactable
  (Session info: MicrosoftEdge=113.0.1774.57)
Build info: version: '4.9.1', revision: 'eb2032df7f'
System info: os.name: 'Windows 11', os.arch: 'amd64', os.version: '10.0', java.version: '18.0.1'
Driver info: org.openqa.selenium.edge.EdgeDriver
Command: [ba35f03ec6ea5b56183b593cf5df5a99, clickElement {id=5DAF44568977489011EC88F56C2D281D_element_143}]
Capabilities {acceptInsecureCerts: false, browserName: msedge, browserVersion: 113.0.1774.57, ms:edgeOptions: {debuggerAddress: localhost:56386}, msedge: {msedgedriverVersion: 113.0.1774.50 (8c198093ceda..., userDataDir: C:\Users\svshr\AppData\Loca...}, networkConnectionEnabled: false, pageLoadStrategy: normal, platformName: windows, proxy: Proxy(), se:cdp: ws://localhost:56386/devtoo..., se:cdpVersion: 113.0.1774.57, setWindowRect: true, strictFileInteractability: false, timeouts: {implicit: 0, pageLoad: 300000, script: 30000}, unhandledPromptBehavior: dismiss and notify, webauthn:extension:credBlob: true, webauthn:extension:largeBlob: true, webauthn:extension:minPinLength: true, webauthn:extension:prf: true, webauthn:virtualAuthenticators: true}
Element: [[EdgeDriver: msedge on windows (ba35f03ec6ea5b56183b593cf5df5a99)] -&gt; xpath: (//*[contains(@title,'Proceed to Checkout')])[1]]
Session ID: ba35f03ec6ea5b56183b593cf5df5a99">
<![CDATA[org.openqa.selenium.ElementNotInteractableException: element not interactable
  (Session info: MicrosoftEdge=113.0.1774.57)
Build info: version: '4.9.1', revision: 'eb2032df7f'
System info: os.name: 'Windows 11', os.arch: 'amd64', os.version: '10.0', java.version: '18.0.1'
Driver info: org.openqa.selenium.edge.EdgeDriver
Command: [ba35f03ec6ea5b56183b593cf5df5a99, clickElement {id=5DAF44568977489011EC88F56C2D281D_element_143}]
Capabilities {acceptInsecureCerts: false, browserName: msedge, browserVersion: 113.0.1774.57, ms:edgeOptions: {debuggerAddress: localhost:56386}, msedge: {msedgedriverVersion: 113.0.1774.50 (8c198093ceda..., userDataDir: C:\Users\svshr\AppData\Loca...}, networkConnectionEnabled: false, pageLoadStrategy: normal, platformName: windows, proxy: Proxy(), se:cdp: ws://localhost:56386/devtoo..., se:cdpVersion: 113.0.1774.57, setWindowRect: true, strictFileInteractability: false, timeouts: {implicit: 0, pageLoad: 300000, script: 30000}, unhandledPromptBehavior: dismiss and notify, webauthn:extension:credBlob: true, webauthn:extension:largeBlob: true, webauthn:extension:minPinLength: true, webauthn:extension:prf: true, webauthn:virtualAuthenticators: true}
Element: [[EdgeDriver: msedge on windows (ba35f03ec6ea5b56183b593cf5df5a99)] -> xpath: (//*[contains(@title,'Proceed to Checkout')])[1]]
Session ID: ba35f03ec6ea5b56183b593cf5df5a99
	at java.base/jdk.internal.reflect.DirectConstructorHandleAccessor.newInstance(DirectConstructorHandleAccessor.java:67)
	at java.base/java.lang.reflect.Constructor.newInstanceWithCaller(Constructor.java:499)
	at java.base/java.lang.reflect.Constructor.newInstance(Constructor.java:483)
	at org.openqa.selenium.remote.codec.w3c.W3CHttpResponseCodec.createException(W3CHttpResponseCodec.java:200)
	at org.openqa.selenium.remote.codec.w3c.W3CHttpResponseCodec.decode(W3CHttpResponseCodec.java:133)
	at org.openqa.selenium.remote.codec.w3c.W3CHttpResponseCodec.decode(W3CHttpResponseCodec.java:53)
	at org.openqa.selenium.remote.HttpCommandExecutor.execute(HttpCommandExecutor.java:193)
	at org.openqa.selenium.remote.service.DriverCommandExecutor.invokeExecute(DriverCommandExecutor.java:183)
	at org.openqa.selenium.remote.service.DriverCommandExecutor.execute(DriverCommandExecutor.java:158)
	at org.openqa.selenium.remote.RemoteWebDriver.execute(RemoteWebDriver.java:543)
	at org.openqa.selenium.remote.RemoteWebElement.execute(RemoteWebElement.java:257)
	at org.openqa.selenium.remote.RemoteWebElement.click(RemoteWebElement.java:78)
	at stepDefinitions.LandingPageStepDefinition.user_click_on_button(LandingPageStepDefinition.java:35)
	at âœ½.user click on "Proceed to Checkout" button(file:///D:/WorkSpaceSelenium/LumaOnlineShopping/src/test/java/features/Hoodies.feature:11)
]]>
</failure>
<system-out><![CDATA[
Given user click on "Men"...................................................passed
And user click on "Hoodies & Sweatshirts" from section "Tops"...............passed
And user click on "Ajax Full-Zip Sweatshirt"................................passed
And user click on "XS"......................................................passed
And user click on "Blue" color..............................................passed
And user click on "Add to Cart".............................................passed
And user click on "shopping cart"...........................................passed
When user click on "Proceed to Checkout" button.............................failed
And user enter random 10 char into shipping mail............................skipped
And user enter random 10 char into shipping address "First Name"............skipped
And user enter random 10 char into shipping address "Last Name".............skipped
And user enter random 10 char into shipping address "Company"...............skipped
And user enter random 10 char into shipping address "Street Address"........skipped
And user enter random 10 char into shipping address "City"..................skipped
And user click on "Please select a region, state or province."..............skipped
And user click on "Texas"...................................................skipped
And user enter random 5 number into shipping address "Zip/Postal Code"......skipped
And user enter random 10 number into shipping address "Phone Number"........skipped
And user click on "Fixed"...................................................skipped
And user click on "Next"....................................................skipped
And user wait for 30 seconds................................................skipped
When user click on "action primary checkout" buttonSpan.....................skipped
And user click on "Continue Shopping".......................................skipped
]]></system-out>
</testcase>
</testsuite>
